[0.792s] DEBUG:colcon:Command line arguments: ['/usr/bin/colcon', 'build', '--symlink-install']
[0.792s] DEBUG:colcon:Parsed command line arguments: Namespace(log_base=None, log_level=None, verb_name='build', build_base='build', install_base='install', merge_install=False, symlink_install=True, test_result_base=None, continue_on_error=False, executor='parallel', parallel_workers=1, event_handlers=None, ignore_user_meta=False, metas=['./colcon.meta'], base_paths=['.'], packages_ignore=None, packages_ignore_regex=None, paths=None, packages_up_to=None, packages_up_to_regex=None, packages_above=None, packages_above_and_dependencies=None, packages_above_depth=None, packages_select_by_dep=None, packages_skip_by_dep=None, packages_skip_up_to=None, packages_select_build_failed=False, packages_skip_build_finished=False, packages_select_test_failures=False, packages_skip_test_passed=False, packages_select=None, packages_skip=None, packages_select_regex=None, packages_skip_regex=None, packages_start=None, packages_end=None, allow_overriding=[], cmake_args=None, cmake_target=None, cmake_target_skip_unavailable=False, cmake_clean_cache=False, cmake_clean_first=False, cmake_force_configure=False, ament_cmake_args=None, catkin_cmake_args=None, catkin_skip_building_tests=False, mixin_files=None, mixin=None, verb_parser=<colcon_mixin.mixin.mixin_argument.MixinArgumentDecorator object at 0x715f7584f700>, verb_extension=<colcon_core.verb.build.BuildVerb object at 0x715f7584f0a0>, main=<bound method BuildVerb.main of <colcon_core.verb.build.BuildVerb object at 0x715f7584f0a0>>, mixin_verb=('build',))
[2.174s] Level 1:colcon.colcon_core.package_discovery:discover_packages(colcon_meta) check parameters
[2.175s] Level 1:colcon.colcon_core.package_discovery:discover_packages(recursive) check parameters
[2.175s] Level 1:colcon.colcon_core.package_discovery:discover_packages(ignore) check parameters
[2.175s] Level 1:colcon.colcon_core.package_discovery:discover_packages(path) check parameters
[2.175s] Level 1:colcon.colcon_core.package_discovery:discover_packages(colcon_meta) discover
[2.175s] Level 1:colcon.colcon_core.package_discovery:discover_packages(recursive) discover
[2.175s] INFO:colcon.colcon_core.package_discovery:Crawling recursively for packages in '/home/vboxuser/ws_again'
[2.176s] Level 1:colcon.colcon_core.package_identification:_identify(.) by extensions ['ignore', 'ignore_ament_install']
[2.180s] Level 1:colcon.colcon_core.package_identification:_identify(.) by extension 'ignore'
[2.180s] Level 1:colcon.colcon_core.package_identification:_identify(.) by extension 'ignore_ament_install'
[2.180s] Level 1:colcon.colcon_core.package_identification:_identify(.) by extensions ['colcon_pkg']
[2.180s] Level 1:colcon.colcon_core.package_identification:_identify(.) by extension 'colcon_pkg'
[2.181s] Level 1:colcon.colcon_core.package_identification:_identify(.) by extensions ['colcon_meta']
[2.181s] Level 1:colcon.colcon_core.package_identification:_identify(.) by extension 'colcon_meta'
[2.181s] Level 1:colcon.colcon_core.package_identification:_identify(.) by extensions ['ros']
[2.181s] Level 1:colcon.colcon_core.package_identification:_identify(.) by extension 'ros'
[2.282s] Level 1:colcon.colcon_core.package_identification:_identify(.) by extensions ['cmake', 'python']
[2.283s] Level 1:colcon.colcon_core.package_identification:_identify(.) by extension 'cmake'
[2.283s] Level 1:colcon.colcon_core.package_identification:_identify(.) by extension 'python'
[2.283s] Level 1:colcon.colcon_core.package_identification:_identify(.) by extensions ['python_setup_py']
[2.283s] Level 1:colcon.colcon_core.package_identification:_identify(.) by extension 'python_setup_py'
[2.284s] Level 1:colcon.colcon_core.package_identification:_identify(build) by extensions ['ignore', 'ignore_ament_install']
[2.284s] Level 1:colcon.colcon_core.package_identification:_identify(build) by extension 'ignore'
[2.285s] Level 1:colcon.colcon_core.package_identification:_identify(build) ignored
[2.285s] Level 1:colcon.colcon_core.package_identification:_identify(install) by extensions ['ignore', 'ignore_ament_install']
[2.286s] Level 1:colcon.colcon_core.package_identification:_identify(install) by extension 'ignore'
[2.286s] Level 1:colcon.colcon_core.package_identification:_identify(install) ignored
[2.288s] Level 1:colcon.colcon_core.package_identification:_identify(log) by extensions ['ignore', 'ignore_ament_install']
[2.288s] Level 1:colcon.colcon_core.package_identification:_identify(log) by extension 'ignore'
[2.292s] Level 1:colcon.colcon_core.package_identification:_identify(log) ignored
[2.293s] Level 1:colcon.colcon_core.package_identification:_identify(src) by extensions ['ignore', 'ignore_ament_install']
[2.293s] Level 1:colcon.colcon_core.package_identification:_identify(src) by extension 'ignore'
[2.293s] Level 1:colcon.colcon_core.package_identification:_identify(src) by extension 'ignore_ament_install'
[2.293s] Level 1:colcon.colcon_core.package_identification:_identify(src) by extensions ['colcon_pkg']
[2.294s] Level 1:colcon.colcon_core.package_identification:_identify(src) by extension 'colcon_pkg'
[2.294s] Level 1:colcon.colcon_core.package_identification:_identify(src) by extensions ['colcon_meta']
[2.294s] Level 1:colcon.colcon_core.package_identification:_identify(src) by extension 'colcon_meta'
[2.294s] Level 1:colcon.colcon_core.package_identification:_identify(src) by extensions ['ros']
[2.294s] Level 1:colcon.colcon_core.package_identification:_identify(src) by extension 'ros'
[2.295s] Level 1:colcon.colcon_core.package_identification:_identify(src) by extensions ['cmake', 'python']
[2.295s] Level 1:colcon.colcon_core.package_identification:_identify(src) by extension 'cmake'
[2.295s] Level 1:colcon.colcon_core.package_identification:_identify(src) by extension 'python'
[2.295s] Level 1:colcon.colcon_core.package_identification:_identify(src) by extensions ['python_setup_py']
[2.295s] Level 1:colcon.colcon_core.package_identification:_identify(src) by extension 'python_setup_py'
[2.296s] Level 1:colcon.colcon_core.package_identification:_identify(src/theGuy) by extensions ['ignore', 'ignore_ament_install']
[2.300s] Level 1:colcon.colcon_core.package_identification:_identify(src/theGuy) by extension 'ignore'
[2.300s] Level 1:colcon.colcon_core.package_identification:_identify(src/theGuy) by extension 'ignore_ament_install'
[2.301s] Level 1:colcon.colcon_core.package_identification:_identify(src/theGuy) by extensions ['colcon_pkg']
[2.301s] Level 1:colcon.colcon_core.package_identification:_identify(src/theGuy) by extension 'colcon_pkg'
[2.301s] Level 1:colcon.colcon_core.package_identification:_identify(src/theGuy) by extensions ['colcon_meta']
[2.301s] Level 1:colcon.colcon_core.package_identification:_identify(src/theGuy) by extension 'colcon_meta'
[2.301s] Level 1:colcon.colcon_core.package_identification:_identify(src/theGuy) by extensions ['ros']
[2.301s] Level 1:colcon.colcon_core.package_identification:_identify(src/theGuy) by extension 'ros'
[2.404s] DEBUG:colcon.colcon_core.package_identification:Package 'src/theGuy' with type 'ros.ament_cmake' and name 'theGuy'
[2.405s] Level 1:colcon.colcon_core.package_discovery:discover_packages(recursive) using defaults
[2.405s] Level 1:colcon.colcon_core.package_discovery:discover_packages(ignore) discover
[2.405s] Level 1:colcon.colcon_core.package_discovery:discover_packages(ignore) using defaults
[2.405s] Level 1:colcon.colcon_core.package_discovery:discover_packages(path) discover
[2.405s] Level 1:colcon.colcon_core.package_discovery:discover_packages(path) using defaults
[2.581s] Level 1:colcon.colcon_core.package_discovery:discover_packages(prefix_path) check parameters
[2.581s] Level 1:colcon.colcon_core.package_discovery:discover_packages(prefix_path) discover
[2.610s] DEBUG:colcon.colcon_installed_package_information.package_discovery:Found 402 installed packages in /opt/ros/iron
[2.632s] Level 1:colcon.colcon_core.package_discovery:discover_packages(prefix_path) using defaults
[3.099s] Level 5:colcon.colcon_core.verb:set package 'theGuy' build argument 'cmake_args' from command line to 'None'
[3.099s] Level 5:colcon.colcon_core.verb:set package 'theGuy' build argument 'cmake_target' from command line to 'None'
[3.100s] Level 5:colcon.colcon_core.verb:set package 'theGuy' build argument 'cmake_target_skip_unavailable' from command line to 'False'
[3.100s] Level 5:colcon.colcon_core.verb:set package 'theGuy' build argument 'cmake_clean_cache' from command line to 'False'
[3.100s] Level 5:colcon.colcon_core.verb:set package 'theGuy' build argument 'cmake_clean_first' from command line to 'False'
[3.100s] Level 5:colcon.colcon_core.verb:set package 'theGuy' build argument 'cmake_force_configure' from command line to 'False'
[3.100s] Level 5:colcon.colcon_core.verb:set package 'theGuy' build argument 'ament_cmake_args' from command line to 'None'
[3.100s] Level 5:colcon.colcon_core.verb:set package 'theGuy' build argument 'catkin_cmake_args' from command line to 'None'
[3.100s] Level 5:colcon.colcon_core.verb:set package 'theGuy' build argument 'catkin_skip_building_tests' from command line to 'False'
[3.100s] DEBUG:colcon.colcon_core.verb:Building package 'theGuy' with the following arguments: {'ament_cmake_args': None, 'build_base': '/home/vboxuser/ws_again/build/theGuy', 'catkin_cmake_args': None, 'catkin_skip_building_tests': False, 'cmake_args': None, 'cmake_clean_cache': False, 'cmake_clean_first': False, 'cmake_force_configure': False, 'cmake_target': None, 'cmake_target_skip_unavailable': False, 'install_base': '/home/vboxuser/ws_again/install/theGuy', 'merge_install': False, 'path': '/home/vboxuser/ws_again/src/theGuy', 'symlink_install': True, 'test_result_base': None}
[3.105s] INFO:colcon.colcon_core.executor:Executing jobs using 'parallel' executor
[3.109s] DEBUG:colcon.colcon_parallel_executor.executor.parallel:run_until_complete
[3.110s] INFO:colcon.colcon_ros.task.ament_cmake.build:Building ROS package in '/home/vboxuser/ws_again/src/theGuy' with build type 'ament_cmake'
[3.110s] INFO:colcon.colcon_cmake.task.cmake.build:Building CMake package in '/home/vboxuser/ws_again/src/theGuy'
[3.122s] INFO:colcon.colcon_core.plugin_system:Skipping extension 'colcon_core.shell.bat': Not used on non-Windows systems
[3.123s] INFO:colcon.colcon_core.shell:Skip shell extension 'powershell' for command environment: Not usable outside of PowerShell
[3.123s] DEBUG:colcon.colcon_core.shell:Skip shell extension 'dsv' for command environment
[3.199s] DEBUG:colcon.colcon_core.event_handler.log_command:Invoking command in '/home/vboxuser/ws_again/build/theGuy': CMAKE_PREFIX_PATH=/opt/ros/iron /usr/bin/cmake --build /home/vboxuser/ws_again/build/theGuy -- -j1 -l1
[3.518s] DEBUG:colcon.colcon_core.event_handler.log_command:Invoked command in '/home/vboxuser/ws_again/build/theGuy' returned '0': CMAKE_PREFIX_PATH=/opt/ros/iron /usr/bin/cmake --build /home/vboxuser/ws_again/build/theGuy -- -j1 -l1
[3.748s] DEBUG:colcon.colcon_core.event_handler.log_command:Invoking command in '/home/vboxuser/ws_again/build/theGuy': CMAKE_PREFIX_PATH=/opt/ros/iron /usr/bin/cmake --install /home/vboxuser/ws_again/build/theGuy
[4.080s] Level 1:colcon.colcon_core.environment:create_environment_scripts_only(theGuy)
[4.085s] DEBUG:colcon.colcon_core.event_handler.log_command:Invoked command in '/home/vboxuser/ws_again/build/theGuy' returned '0': CMAKE_PREFIX_PATH=/opt/ros/iron /usr/bin/cmake --install /home/vboxuser/ws_again/build/theGuy
[4.098s] Level 1:colcon.colcon_core.environment:checking '/home/vboxuser/ws_again/install/theGuy' for CMake module files
[4.100s] Level 1:colcon.colcon_core.environment:checking '/home/vboxuser/ws_again/install/theGuy' for CMake config files
[4.109s] Level 1:colcon.colcon_core.shell:create_environment_hook('theGuy', 'cmake_prefix_path')
[4.110s] INFO:colcon.colcon_core.shell:Creating environment hook '/home/vboxuser/ws_again/install/theGuy/share/theGuy/hook/cmake_prefix_path.ps1'
[4.115s] INFO:colcon.colcon_core.shell:Creating environment descriptor '/home/vboxuser/ws_again/install/theGuy/share/theGuy/hook/cmake_prefix_path.dsv'
[4.120s] INFO:colcon.colcon_core.shell:Creating environment hook '/home/vboxuser/ws_again/install/theGuy/share/theGuy/hook/cmake_prefix_path.sh'
[4.128s] Level 1:colcon.colcon_core.environment:checking '/home/vboxuser/ws_again/install/theGuy/bin'
[4.128s] Level 1:colcon.colcon_core.environment:checking '/home/vboxuser/ws_again/install/theGuy/lib/pkgconfig/theGuy.pc'
[4.131s] Level 1:colcon.colcon_core.environment:checking '/home/vboxuser/ws_again/install/theGuy/lib/python3.10/site-packages'
[4.132s] Level 1:colcon.colcon_core.environment:checking '/home/vboxuser/ws_again/install/theGuy/bin'
[4.133s] INFO:colcon.colcon_core.shell:Creating package script '/home/vboxuser/ws_again/install/theGuy/share/theGuy/package.ps1'
[4.143s] INFO:colcon.colcon_core.shell:Creating package descriptor '/home/vboxuser/ws_again/install/theGuy/share/theGuy/package.dsv'
[4.145s] INFO:colcon.colcon_core.shell:Creating package script '/home/vboxuser/ws_again/install/theGuy/share/theGuy/package.sh'
[4.154s] INFO:colcon.colcon_core.shell:Creating package script '/home/vboxuser/ws_again/install/theGuy/share/theGuy/package.bash'
[4.161s] INFO:colcon.colcon_core.shell:Creating package script '/home/vboxuser/ws_again/install/theGuy/share/theGuy/package.zsh'
[4.172s] Level 1:colcon.colcon_core.environment:create_file_with_runtime_dependencies(/home/vboxuser/ws_again/install/theGuy/share/colcon-core/packages/theGuy)
[4.350s] Level 1:colcon.colcon_core.environment:create_environment_scripts_only(theGuy)
[4.354s] Level 1:colcon.colcon_core.environment:checking '/home/vboxuser/ws_again/install/theGuy' for CMake module files
[4.359s] Level 1:colcon.colcon_core.environment:checking '/home/vboxuser/ws_again/install/theGuy' for CMake config files
[4.362s] Level 1:colcon.colcon_core.shell:create_environment_hook('theGuy', 'cmake_prefix_path')
[4.363s] INFO:colcon.colcon_core.shell:Creating environment hook '/home/vboxuser/ws_again/install/theGuy/share/theGuy/hook/cmake_prefix_path.ps1'
[4.367s] INFO:colcon.colcon_core.shell:Creating environment descriptor '/home/vboxuser/ws_again/install/theGuy/share/theGuy/hook/cmake_prefix_path.dsv'
[4.370s] INFO:colcon.colcon_core.shell:Creating environment hook '/home/vboxuser/ws_again/install/theGuy/share/theGuy/hook/cmake_prefix_path.sh'
[4.379s] Level 1:colcon.colcon_core.environment:checking '/home/vboxuser/ws_again/install/theGuy/bin'
[4.380s] Level 1:colcon.colcon_core.environment:checking '/home/vboxuser/ws_again/install/theGuy/lib/pkgconfig/theGuy.pc'
[4.385s] Level 1:colcon.colcon_core.environment:checking '/home/vboxuser/ws_again/install/theGuy/lib/python3.10/site-packages'
[4.386s] Level 1:colcon.colcon_core.environment:checking '/home/vboxuser/ws_again/install/theGuy/bin'
[4.391s] INFO:colcon.colcon_core.shell:Creating package script '/home/vboxuser/ws_again/install/theGuy/share/theGuy/package.ps1'
[4.394s] INFO:colcon.colcon_core.shell:Creating package descriptor '/home/vboxuser/ws_again/install/theGuy/share/theGuy/package.dsv'
[4.399s] INFO:colcon.colcon_core.shell:Creating package script '/home/vboxuser/ws_again/install/theGuy/share/theGuy/package.sh'
[4.400s] INFO:colcon.colcon_core.shell:Creating package script '/home/vboxuser/ws_again/install/theGuy/share/theGuy/package.bash'
[4.404s] INFO:colcon.colcon_core.shell:Creating package script '/home/vboxuser/ws_again/install/theGuy/share/theGuy/package.zsh'
[4.405s] Level 1:colcon.colcon_core.environment:create_file_with_runtime_dependencies(/home/vboxuser/ws_again/install/theGuy/share/colcon-core/packages/theGuy)
[4.410s] DEBUG:colcon.colcon_parallel_executor.executor.parallel:closing loop
[4.412s] DEBUG:colcon.colcon_parallel_executor.executor.parallel:loop closed
[4.412s] DEBUG:colcon.colcon_parallel_executor.executor.parallel:run_until_complete finished with '0'
[4.412s] DEBUG:colcon.colcon_core.event_reactor:joining thread
[4.459s] INFO:colcon.colcon_core.plugin_system:Skipping extension 'colcon_notification.desktop_notification.terminal_notifier': Not used on non-Darwin systems
[4.460s] INFO:colcon.colcon_core.plugin_system:Skipping extension 'colcon_notification.desktop_notification.win32': Not used on non-Windows systems
[4.460s] INFO:colcon.colcon_notification.desktop_notification:Sending desktop notification using 'notify2'
[4.598s] DEBUG:colcon.colcon_core.event_reactor:joined thread
[4.599s] INFO:colcon.colcon_core.shell:Creating prefix script '/home/vboxuser/ws_again/install/local_setup.ps1'
[4.610s] INFO:colcon.colcon_core.shell:Creating prefix util module '/home/vboxuser/ws_again/install/_local_setup_util_ps1.py'
[4.628s] INFO:colcon.colcon_core.shell:Creating prefix chain script '/home/vboxuser/ws_again/install/setup.ps1'
[4.641s] INFO:colcon.colcon_core.shell:Creating prefix script '/home/vboxuser/ws_again/install/local_setup.sh'
[4.648s] INFO:colcon.colcon_core.shell:Creating prefix util module '/home/vboxuser/ws_again/install/_local_setup_util_sh.py'
[4.649s] INFO:colcon.colcon_core.shell:Creating prefix chain script '/home/vboxuser/ws_again/install/setup.sh'
[4.660s] INFO:colcon.colcon_core.shell:Creating prefix script '/home/vboxuser/ws_again/install/local_setup.bash'
[4.665s] INFO:colcon.colcon_core.shell:Creating prefix chain script '/home/vboxuser/ws_again/install/setup.bash'
[4.672s] INFO:colcon.colcon_core.shell:Creating prefix script '/home/vboxuser/ws_again/install/local_setup.zsh'
[4.676s] INFO:colcon.colcon_core.shell:Creating prefix chain script '/home/vboxuser/ws_again/install/setup.zsh'
