[0.084s] Invoking command in '/home/vboxuser/ws_again/build/theGuy': CMAKE_PREFIX_PATH=/opt/ros/iron /usr/bin/cmake --build /home/vboxuser/ws_again/build/theGuy -- -j1 -l1
[0.404s] Invoked command in '/home/vboxuser/ws_again/build/theGuy' returned '0': CMAKE_PREFIX_PATH=/opt/ros/iron /usr/bin/cmake --build /home/vboxuser/ws_again/build/theGuy -- -j1 -l1
[0.636s] Invoking command in '/home/vboxuser/ws_again/build/theGuy': CMAKE_PREFIX_PATH=/opt/ros/iron /usr/bin/cmake --install /home/vboxuser/ws_again/build/theGuy
[0.714s] -- Install configuration: ""
[0.720s] -- Execute custom install script
[0.724s] -- Symlinking: /home/vboxuser/ws_again/install/theGuy/share/theGuy/launch/listener.launch.py
[0.789s] -- Symlinking: /home/vboxuser/ws_again/install/theGuy/share/theGuy/launch/talker.launch.py
[0.859s] -- Up-to-date symlink: /home/vboxuser/ws_again/install/theGuy/share/ament_index/resource_index/package_run_dependencies/theGuy
[0.863s] -- Up-to-date symlink: /home/vboxuser/ws_again/install/theGuy/share/ament_index/resource_index/parent_prefix_path/theGuy
[0.864s] -- Up-to-date symlink: /home/vboxuser/ws_again/install/theGuy/share/theGuy/environment/ament_prefix_path.sh
[0.867s] -- Up-to-date symlink: /home/vboxuser/ws_again/install/theGuy/share/theGuy/environment/ament_prefix_path.dsv
[0.869s] -- Up-to-date symlink: /home/vboxuser/ws_again/install/theGuy/share/theGuy/environment/path.sh
[0.871s] -- Up-to-date symlink: /home/vboxuser/ws_again/install/theGuy/share/theGuy/environment/path.dsv
[0.875s] -- Up-to-date symlink: /home/vboxuser/ws_again/install/theGuy/share/theGuy/local_setup.bash
[0.876s] -- Up-to-date symlink: /home/vboxuser/ws_again/install/theGuy/share/theGuy/local_setup.sh
[0.879s] -- Up-to-date symlink: /home/vboxuser/ws_again/install/theGuy/share/theGuy/local_setup.zsh
[0.881s] -- Up-to-date symlink: /home/vboxuser/ws_again/install/theGuy/share/theGuy/local_setup.dsv
[0.882s] -- Symlinking: /home/vboxuser/ws_again/install/theGuy/share/theGuy/package.dsv
[0.943s] -- Up-to-date symlink: /home/vboxuser/ws_again/install/theGuy/share/ament_index/resource_index/packages/theGuy
[0.947s] -- Up-to-date symlink: /home/vboxuser/ws_again/install/theGuy/share/theGuy/cmake/theGuyConfig.cmake
[0.948s] -- Up-to-date symlink: /home/vboxuser/ws_again/install/theGuy/share/theGuy/cmake/theGuyConfig-version.cmake
[0.955s] -- Up-to-date symlink: /home/vboxuser/ws_again/install/theGuy/share/theGuy/package.xml
[0.973s] Invoked command in '/home/vboxuser/ws_again/build/theGuy' returned '0': CMAKE_PREFIX_PATH=/opt/ros/iron /usr/bin/cmake --install /home/vboxuser/ws_again/build/theGuy
