[1.331s] DEBUG:colcon:Command line arguments: ['/usr/bin/colcon', 'build', '--symlink-install']
[1.331s] DEBUG:colcon:Parsed command line arguments: Namespace(log_base=None, log_level=None, verb_name='build', build_base='build', install_base='install', merge_install=False, symlink_install=True, test_result_base=None, continue_on_error=False, executor='parallel', parallel_workers=1, event_handlers=None, ignore_user_meta=False, metas=['./colcon.meta'], base_paths=['.'], packages_ignore=None, packages_ignore_regex=None, paths=None, packages_up_to=None, packages_up_to_regex=None, packages_above=None, packages_above_and_dependencies=None, packages_above_depth=None, packages_select_by_dep=None, packages_skip_by_dep=None, packages_skip_up_to=None, packages_select_build_failed=False, packages_skip_build_finished=False, packages_select_test_failures=False, packages_skip_test_passed=False, packages_select=None, packages_skip=None, packages_select_regex=None, packages_skip_regex=None, packages_start=None, packages_end=None, allow_overriding=[], cmake_args=None, cmake_target=None, cmake_target_skip_unavailable=False, cmake_clean_cache=False, cmake_clean_first=False, cmake_force_configure=False, ament_cmake_args=None, catkin_cmake_args=None, catkin_skip_building_tests=False, mixin_files=None, mixin=None, verb_parser=<colcon_mixin.mixin.mixin_argument.MixinArgumentDecorator object at 0x7c28a5d3f700>, verb_extension=<colcon_core.verb.build.BuildVerb object at 0x7c28a5d3f0a0>, main=<bound method BuildVerb.main of <colcon_core.verb.build.BuildVerb object at 0x7c28a5d3f0a0>>, mixin_verb=('build',))
[3.644s] Level 1:colcon.colcon_core.package_discovery:discover_packages(colcon_meta) check parameters
[3.647s] Level 1:colcon.colcon_core.package_discovery:discover_packages(recursive) check parameters
[3.647s] Level 1:colcon.colcon_core.package_discovery:discover_packages(ignore) check parameters
[3.647s] Level 1:colcon.colcon_core.package_discovery:discover_packages(path) check parameters
[3.648s] Level 1:colcon.colcon_core.package_discovery:discover_packages(colcon_meta) discover
[3.648s] Level 1:colcon.colcon_core.package_discovery:discover_packages(recursive) discover
[3.648s] INFO:colcon.colcon_core.package_discovery:Crawling recursively for packages in '/home/vboxuser/ws_again'
[3.648s] Level 1:colcon.colcon_core.package_identification:_identify(.) by extensions ['ignore', 'ignore_ament_install']
[3.648s] Level 1:colcon.colcon_core.package_identification:_identify(.) by extension 'ignore'
[3.649s] Level 1:colcon.colcon_core.package_identification:_identify(.) by extension 'ignore_ament_install'
[3.649s] Level 1:colcon.colcon_core.package_identification:_identify(.) by extensions ['colcon_pkg']
[3.649s] Level 1:colcon.colcon_core.package_identification:_identify(.) by extension 'colcon_pkg'
[3.651s] Level 1:colcon.colcon_core.package_identification:_identify(.) by extensions ['colcon_meta']
[3.651s] Level 1:colcon.colcon_core.package_identification:_identify(.) by extension 'colcon_meta'
[3.651s] Level 1:colcon.colcon_core.package_identification:_identify(.) by extensions ['ros']
[3.651s] Level 1:colcon.colcon_core.package_identification:_identify(.) by extension 'ros'
[3.744s] Level 1:colcon.colcon_core.package_identification:_identify(.) by extensions ['cmake', 'python']
[3.745s] Level 1:colcon.colcon_core.package_identification:_identify(.) by extension 'cmake'
[3.748s] Level 1:colcon.colcon_core.package_identification:_identify(.) by extension 'python'
[3.748s] Level 1:colcon.colcon_core.package_identification:_identify(.) by extensions ['python_setup_py']
[3.748s] Level 1:colcon.colcon_core.package_identification:_identify(.) by extension 'python_setup_py'
[3.748s] Level 1:colcon.colcon_core.package_identification:_identify(build) by extensions ['ignore', 'ignore_ament_install']
[3.749s] Level 1:colcon.colcon_core.package_identification:_identify(build) by extension 'ignore'
[3.749s] Level 1:colcon.colcon_core.package_identification:_identify(build) ignored
[3.749s] Level 1:colcon.colcon_core.package_identification:_identify(install) by extensions ['ignore', 'ignore_ament_install']
[3.750s] Level 1:colcon.colcon_core.package_identification:_identify(install) by extension 'ignore'
[3.750s] Level 1:colcon.colcon_core.package_identification:_identify(install) ignored
[3.750s] Level 1:colcon.colcon_core.package_identification:_identify(log) by extensions ['ignore', 'ignore_ament_install']
[3.750s] Level 1:colcon.colcon_core.package_identification:_identify(log) by extension 'ignore'
[3.750s] Level 1:colcon.colcon_core.package_identification:_identify(log) ignored
[3.750s] Level 1:colcon.colcon_core.package_identification:_identify(src) by extensions ['ignore', 'ignore_ament_install']
[3.751s] Level 1:colcon.colcon_core.package_identification:_identify(src) by extension 'ignore'
[3.751s] Level 1:colcon.colcon_core.package_identification:_identify(src) by extension 'ignore_ament_install'
[3.751s] Level 1:colcon.colcon_core.package_identification:_identify(src) by extensions ['colcon_pkg']
[3.751s] Level 1:colcon.colcon_core.package_identification:_identify(src) by extension 'colcon_pkg'
[3.751s] Level 1:colcon.colcon_core.package_identification:_identify(src) by extensions ['colcon_meta']
[3.751s] Level 1:colcon.colcon_core.package_identification:_identify(src) by extension 'colcon_meta'
[3.752s] Level 1:colcon.colcon_core.package_identification:_identify(src) by extensions ['ros']
[3.752s] Level 1:colcon.colcon_core.package_identification:_identify(src) by extension 'ros'
[3.752s] Level 1:colcon.colcon_core.package_identification:_identify(src) by extensions ['cmake', 'python']
[3.752s] Level 1:colcon.colcon_core.package_identification:_identify(src) by extension 'cmake'
[3.752s] Level 1:colcon.colcon_core.package_identification:_identify(src) by extension 'python'
[3.752s] Level 1:colcon.colcon_core.package_identification:_identify(src) by extensions ['python_setup_py']
[3.752s] Level 1:colcon.colcon_core.package_identification:_identify(src) by extension 'python_setup_py'
[3.753s] Level 1:colcon.colcon_core.package_identification:_identify(src/theGuy) by extensions ['ignore', 'ignore_ament_install']
[3.753s] Level 1:colcon.colcon_core.package_identification:_identify(src/theGuy) by extension 'ignore'
[3.753s] Level 1:colcon.colcon_core.package_identification:_identify(src/theGuy) by extension 'ignore_ament_install'
[3.753s] Level 1:colcon.colcon_core.package_identification:_identify(src/theGuy) by extensions ['colcon_pkg']
[3.753s] Level 1:colcon.colcon_core.package_identification:_identify(src/theGuy) by extension 'colcon_pkg'
[3.754s] Level 1:colcon.colcon_core.package_identification:_identify(src/theGuy) by extensions ['colcon_meta']
[3.754s] Level 1:colcon.colcon_core.package_identification:_identify(src/theGuy) by extension 'colcon_meta'
[3.754s] Level 1:colcon.colcon_core.package_identification:_identify(src/theGuy) by extensions ['ros']
[3.754s] Level 1:colcon.colcon_core.package_identification:_identify(src/theGuy) by extension 'ros'
[3.822s] DEBUG:colcon.colcon_core.package_identification:Package 'src/theGuy' with type 'ros.ament_cmake' and name 'theGuy'
[3.822s] Level 1:colcon.colcon_core.package_discovery:discover_packages(recursive) using defaults
[3.822s] Level 1:colcon.colcon_core.package_discovery:discover_packages(ignore) discover
[3.822s] Level 1:colcon.colcon_core.package_discovery:discover_packages(ignore) using defaults
[3.823s] Level 1:colcon.colcon_core.package_discovery:discover_packages(path) discover
[3.823s] Level 1:colcon.colcon_core.package_discovery:discover_packages(path) using defaults
[4.014s] Level 1:colcon.colcon_core.package_discovery:discover_packages(prefix_path) check parameters
[4.015s] Level 1:colcon.colcon_core.package_discovery:discover_packages(prefix_path) discover
[4.046s] DEBUG:colcon.colcon_installed_package_information.package_discovery:Found 402 installed packages in /opt/ros/iron
[4.066s] Level 1:colcon.colcon_core.package_discovery:discover_packages(prefix_path) using defaults
[4.647s] Level 5:colcon.colcon_core.verb:set package 'theGuy' build argument 'cmake_args' from command line to 'None'
[4.647s] Level 5:colcon.colcon_core.verb:set package 'theGuy' build argument 'cmake_target' from command line to 'None'
[4.647s] Level 5:colcon.colcon_core.verb:set package 'theGuy' build argument 'cmake_target_skip_unavailable' from command line to 'False'
[4.647s] Level 5:colcon.colcon_core.verb:set package 'theGuy' build argument 'cmake_clean_cache' from command line to 'False'
[4.647s] Level 5:colcon.colcon_core.verb:set package 'theGuy' build argument 'cmake_clean_first' from command line to 'False'
[4.647s] Level 5:colcon.colcon_core.verb:set package 'theGuy' build argument 'cmake_force_configure' from command line to 'False'
[4.648s] Level 5:colcon.colcon_core.verb:set package 'theGuy' build argument 'ament_cmake_args' from command line to 'None'
[4.648s] Level 5:colcon.colcon_core.verb:set package 'theGuy' build argument 'catkin_cmake_args' from command line to 'None'
[4.648s] Level 5:colcon.colcon_core.verb:set package 'theGuy' build argument 'catkin_skip_building_tests' from command line to 'False'
[4.648s] DEBUG:colcon.colcon_core.verb:Building package 'theGuy' with the following arguments: {'ament_cmake_args': None, 'build_base': '/home/vboxuser/ws_again/build/theGuy', 'catkin_cmake_args': None, 'catkin_skip_building_tests': False, 'cmake_args': None, 'cmake_clean_cache': False, 'cmake_clean_first': False, 'cmake_force_configure': False, 'cmake_target': None, 'cmake_target_skip_unavailable': False, 'install_base': '/home/vboxuser/ws_again/install/theGuy', 'merge_install': False, 'path': '/home/vboxuser/ws_again/src/theGuy', 'symlink_install': True, 'test_result_base': None}
[4.653s] INFO:colcon.colcon_core.executor:Executing jobs using 'parallel' executor
[4.655s] DEBUG:colcon.colcon_parallel_executor.executor.parallel:run_until_complete
[4.656s] INFO:colcon.colcon_ros.task.ament_cmake.build:Building ROS package in '/home/vboxuser/ws_again/src/theGuy' with build type 'ament_cmake'
[4.656s] INFO:colcon.colcon_cmake.task.cmake.build:Building CMake package in '/home/vboxuser/ws_again/src/theGuy'
[4.682s] INFO:colcon.colcon_core.plugin_system:Skipping extension 'colcon_core.shell.bat': Not used on non-Windows systems
[4.682s] INFO:colcon.colcon_core.shell:Skip shell extension 'powershell' for command environment: Not usable outside of PowerShell
[4.682s] DEBUG:colcon.colcon_core.shell:Skip shell extension 'dsv' for command environment
[4.747s] DEBUG:colcon.colcon_core.event_handler.log_command:Invoking command in '/home/vboxuser/ws_again/build/theGuy': CMAKE_PREFIX_PATH=/opt/ros/iron /usr/bin/cmake /home/vboxuser/ws_again/src/theGuy -DAMENT_CMAKE_SYMLINK_INSTALL=1 -DCMAKE_INSTALL_PREFIX=/home/vboxuser/ws_again/install/theGuy
[11.138s] DEBUG:colcon.colcon_core.event_handler.log_command:Invoked command in '/home/vboxuser/ws_again/build/theGuy' returned '0': CMAKE_PREFIX_PATH=/opt/ros/iron /usr/bin/cmake /home/vboxuser/ws_again/src/theGuy -DAMENT_CMAKE_SYMLINK_INSTALL=1 -DCMAKE_INSTALL_PREFIX=/home/vboxuser/ws_again/install/theGuy
[11.140s] DEBUG:colcon.colcon_core.event_handler.log_command:Invoking command in '/home/vboxuser/ws_again/build/theGuy': CMAKE_PREFIX_PATH=/opt/ros/iron /usr/bin/cmake --build /home/vboxuser/ws_again/build/theGuy -- -j1 -l1
[11.414s] DEBUG:colcon.colcon_core.event_handler.log_command:Invoked command in '/home/vboxuser/ws_again/build/theGuy' returned '0': CMAKE_PREFIX_PATH=/opt/ros/iron /usr/bin/cmake --build /home/vboxuser/ws_again/build/theGuy -- -j1 -l1
[11.626s] DEBUG:colcon.colcon_core.event_handler.log_command:Invoking command in '/home/vboxuser/ws_again/build/theGuy': CMAKE_PREFIX_PATH=/opt/ros/iron /usr/bin/cmake --install /home/vboxuser/ws_again/build/theGuy
[12.673s] Level 1:colcon.colcon_core.environment:create_environment_scripts_only(theGuy)
[12.686s] DEBUG:colcon.colcon_core.event_handler.log_command:Invoked command in '/home/vboxuser/ws_again/build/theGuy' returned '0': CMAKE_PREFIX_PATH=/opt/ros/iron /usr/bin/cmake --install /home/vboxuser/ws_again/build/theGuy
[12.715s] Level 1:colcon.colcon_core.environment:checking '/home/vboxuser/ws_again/install/theGuy' for CMake module files
[12.716s] Level 1:colcon.colcon_core.environment:checking '/home/vboxuser/ws_again/install/theGuy' for CMake config files
[12.719s] Level 1:colcon.colcon_core.shell:create_environment_hook('theGuy', 'cmake_prefix_path')
[12.720s] INFO:colcon.colcon_core.shell:Creating environment hook '/home/vboxuser/ws_again/install/theGuy/share/theGuy/hook/cmake_prefix_path.ps1'
[12.724s] INFO:colcon.colcon_core.shell:Creating environment descriptor '/home/vboxuser/ws_again/install/theGuy/share/theGuy/hook/cmake_prefix_path.dsv'
[12.726s] INFO:colcon.colcon_core.shell:Creating environment hook '/home/vboxuser/ws_again/install/theGuy/share/theGuy/hook/cmake_prefix_path.sh'
[12.732s] Level 1:colcon.colcon_core.environment:checking '/home/vboxuser/ws_again/install/theGuy/bin'
[12.732s] Level 1:colcon.colcon_core.environment:checking '/home/vboxuser/ws_again/install/theGuy/lib/pkgconfig/theGuy.pc'
[12.736s] Level 1:colcon.colcon_core.environment:checking '/home/vboxuser/ws_again/install/theGuy/lib/python3.10/site-packages'
[12.737s] Level 1:colcon.colcon_core.environment:checking '/home/vboxuser/ws_again/install/theGuy/bin'
[12.738s] INFO:colcon.colcon_core.shell:Creating package script '/home/vboxuser/ws_again/install/theGuy/share/theGuy/package.ps1'
[12.744s] INFO:colcon.colcon_core.shell:Creating package descriptor '/home/vboxuser/ws_again/install/theGuy/share/theGuy/package.dsv'
[12.749s] INFO:colcon.colcon_core.shell:Creating package script '/home/vboxuser/ws_again/install/theGuy/share/theGuy/package.sh'
[12.755s] INFO:colcon.colcon_core.shell:Creating package script '/home/vboxuser/ws_again/install/theGuy/share/theGuy/package.bash'
[12.758s] INFO:colcon.colcon_core.shell:Creating package script '/home/vboxuser/ws_again/install/theGuy/share/theGuy/package.zsh'
[12.764s] Level 1:colcon.colcon_core.environment:create_file_with_runtime_dependencies(/home/vboxuser/ws_again/install/theGuy/share/colcon-core/packages/theGuy)
[12.931s] Level 1:colcon.colcon_core.environment:create_environment_scripts_only(theGuy)
[12.932s] Level 1:colcon.colcon_core.environment:checking '/home/vboxuser/ws_again/install/theGuy' for CMake module files
[12.937s] Level 1:colcon.colcon_core.environment:checking '/home/vboxuser/ws_again/install/theGuy' for CMake config files
[12.938s] Level 1:colcon.colcon_core.shell:create_environment_hook('theGuy', 'cmake_prefix_path')
[12.943s] INFO:colcon.colcon_core.shell:Creating environment hook '/home/vboxuser/ws_again/install/theGuy/share/theGuy/hook/cmake_prefix_path.ps1'
[12.944s] INFO:colcon.colcon_core.shell:Creating environment descriptor '/home/vboxuser/ws_again/install/theGuy/share/theGuy/hook/cmake_prefix_path.dsv'
[12.946s] INFO:colcon.colcon_core.shell:Creating environment hook '/home/vboxuser/ws_again/install/theGuy/share/theGuy/hook/cmake_prefix_path.sh'
[12.949s] Level 1:colcon.colcon_core.environment:checking '/home/vboxuser/ws_again/install/theGuy/bin'
[12.949s] Level 1:colcon.colcon_core.environment:checking '/home/vboxuser/ws_again/install/theGuy/lib/pkgconfig/theGuy.pc'
[12.950s] Level 1:colcon.colcon_core.environment:checking '/home/vboxuser/ws_again/install/theGuy/lib/python3.10/site-packages'
[12.951s] Level 1:colcon.colcon_core.environment:checking '/home/vboxuser/ws_again/install/theGuy/bin'
[12.955s] INFO:colcon.colcon_core.shell:Creating package script '/home/vboxuser/ws_again/install/theGuy/share/theGuy/package.ps1'
[12.958s] INFO:colcon.colcon_core.shell:Creating package descriptor '/home/vboxuser/ws_again/install/theGuy/share/theGuy/package.dsv'
[12.961s] INFO:colcon.colcon_core.shell:Creating package script '/home/vboxuser/ws_again/install/theGuy/share/theGuy/package.sh'
[12.963s] INFO:colcon.colcon_core.shell:Creating package script '/home/vboxuser/ws_again/install/theGuy/share/theGuy/package.bash'
[12.967s] INFO:colcon.colcon_core.shell:Creating package script '/home/vboxuser/ws_again/install/theGuy/share/theGuy/package.zsh'
[12.970s] Level 1:colcon.colcon_core.environment:create_file_with_runtime_dependencies(/home/vboxuser/ws_again/install/theGuy/share/colcon-core/packages/theGuy)
[12.972s] DEBUG:colcon.colcon_parallel_executor.executor.parallel:closing loop
[12.974s] DEBUG:colcon.colcon_parallel_executor.executor.parallel:loop closed
[12.974s] DEBUG:colcon.colcon_parallel_executor.executor.parallel:run_until_complete finished with '0'
[12.974s] DEBUG:colcon.colcon_core.event_reactor:joining thread
[13.022s] INFO:colcon.colcon_core.plugin_system:Skipping extension 'colcon_notification.desktop_notification.terminal_notifier': Not used on non-Darwin systems
[13.022s] INFO:colcon.colcon_core.plugin_system:Skipping extension 'colcon_notification.desktop_notification.win32': Not used on non-Windows systems
[13.022s] INFO:colcon.colcon_notification.desktop_notification:Sending desktop notification using 'notify2'
[13.116s] DEBUG:colcon.colcon_core.event_reactor:joined thread
[13.117s] INFO:colcon.colcon_core.shell:Creating prefix script '/home/vboxuser/ws_again/install/local_setup.ps1'
[13.123s] INFO:colcon.colcon_core.shell:Creating prefix util module '/home/vboxuser/ws_again/install/_local_setup_util_ps1.py'
[13.139s] INFO:colcon.colcon_core.shell:Creating prefix chain script '/home/vboxuser/ws_again/install/setup.ps1'
[13.144s] INFO:colcon.colcon_core.shell:Creating prefix script '/home/vboxuser/ws_again/install/local_setup.sh'
[13.150s] INFO:colcon.colcon_core.shell:Creating prefix util module '/home/vboxuser/ws_again/install/_local_setup_util_sh.py'
[13.151s] INFO:colcon.colcon_core.shell:Creating prefix chain script '/home/vboxuser/ws_again/install/setup.sh'
[13.163s] INFO:colcon.colcon_core.shell:Creating prefix script '/home/vboxuser/ws_again/install/local_setup.bash'
[13.168s] INFO:colcon.colcon_core.shell:Creating prefix chain script '/home/vboxuser/ws_again/install/setup.bash'
[13.177s] INFO:colcon.colcon_core.shell:Creating prefix script '/home/vboxuser/ws_again/install/local_setup.zsh'
[13.182s] INFO:colcon.colcon_core.shell:Creating prefix chain script '/home/vboxuser/ws_again/install/setup.zsh'
