[0.075s] Invoking command in '/home/vboxuser/ws_again/build/theGuy': CMAKE_PREFIX_PATH=/opt/ros/iron /usr/bin/cmake --build /home/vboxuser/ws_again/build/theGuy -- -j1 -l1
[0.432s] Invoked command in '/home/vboxuser/ws_again/build/theGuy' returned '0': CMAKE_PREFIX_PATH=/opt/ros/iron /usr/bin/cmake --build /home/vboxuser/ws_again/build/theGuy -- -j1 -l1
[0.688s] Invoking command in '/home/vboxuser/ws_again/build/theGuy': CMAKE_PREFIX_PATH=/opt/ros/iron /usr/bin/cmake --install /home/vboxuser/ws_again/build/theGuy
[0.780s] -- Install configuration: ""
[0.789s] -- Execute custom install script
[0.794s] -- Up-to-date symlink: /home/vboxuser/ws_again/install/theGuy/share/theGuy/launch/listener.launch.py
[0.796s] -- Up-to-date symlink: /home/vboxuser/ws_again/install/theGuy/share/theGuy/launch/talker.launch.py
[0.797s] -- Up-to-date symlink: /home/vboxuser/ws_again/install/theGuy/share/ament_index/resource_index/package_run_dependencies/theGuy
[0.798s] -- Up-to-date symlink: /home/vboxuser/ws_again/install/theGuy/share/ament_index/resource_index/parent_prefix_path/theGuy
[0.800s] -- Up-to-date symlink: /home/vboxuser/ws_again/install/theGuy/share/theGuy/environment/ament_prefix_path.sh
[0.806s] -- Up-to-date symlink: /home/vboxuser/ws_again/install/theGuy/share/theGuy/environment/ament_prefix_path.dsv
[0.809s] -- Up-to-date symlink: /home/vboxuser/ws_again/install/theGuy/share/theGuy/environment/path.sh
[0.810s] -- Up-to-date symlink: /home/vboxuser/ws_again/install/theGuy/share/theGuy/environment/path.dsv
[0.813s] -- Up-to-date symlink: /home/vboxuser/ws_again/install/theGuy/share/theGuy/local_setup.bash
[0.815s] -- Up-to-date symlink: /home/vboxuser/ws_again/install/theGuy/share/theGuy/local_setup.sh
[0.818s] -- Up-to-date symlink: /home/vboxuser/ws_again/install/theGuy/share/theGuy/local_setup.zsh
[0.820s] -- Up-to-date symlink: /home/vboxuser/ws_again/install/theGuy/share/theGuy/local_setup.dsv
[0.822s] -- Symlinking: /home/vboxuser/ws_again/install/theGuy/share/theGuy/package.dsv
[0.879s] -- Up-to-date symlink: /home/vboxuser/ws_again/install/theGuy/share/ament_index/resource_index/packages/theGuy
[0.882s] -- Up-to-date symlink: /home/vboxuser/ws_again/install/theGuy/share/theGuy/cmake/theGuyConfig.cmake
[0.883s] -- Up-to-date symlink: /home/vboxuser/ws_again/install/theGuy/share/theGuy/cmake/theGuyConfig-version.cmake
[0.885s] -- Up-to-date symlink: /home/vboxuser/ws_again/install/theGuy/share/theGuy/package.xml
[0.894s] Invoked command in '/home/vboxuser/ws_again/build/theGuy' returned '0': CMAKE_PREFIX_PATH=/opt/ros/iron /usr/bin/cmake --install /home/vboxuser/ws_again/build/theGuy
