[0.077s] Invoking command in '/home/vboxuser/ws_again/build/theGuy': CMAKE_PREFIX_PATH=/opt/ros/iron /usr/bin/cmake --build /home/vboxuser/ws_again/build/theGuy -- -j1 -l1
[0.306s] -- Found ament_cmake: 2.0.5 (/opt/ros/iron/share/ament_cmake/cmake)
[1.304s] -- Override CMake install command with custom implementation using symlinks instead of copying resources
[1.371s] -- Found ament_lint_auto: 0.14.3 (/opt/ros/iron/share/ament_lint_auto/cmake)
[1.741s] WARNING: Package name "theGuy" does not follow the naming conventions. It should start with a lower case letter and only contain lower case letters, digits, underscores, and dashes.
[1.899s] -- Added test 'flake8' to check Python code syntax and style conventions
[1.899s] -- Configured 'flake8' exclude dirs and/or files: 
[1.907s] -- Added test 'lint_cmake' to check CMake code style
[1.909s] -- Added test 'pep257' to check Python code against some of the docstring style conventions in PEP 257
[1.917s] -- Added test 'xmllint' to check XML markup files
[1.922s] -- Configuring done
[1.942s] -- Generating done
[1.954s] -- Build files have been written to: /home/vboxuser/ws_again/build/theGuy
[2.124s] Invoked command in '/home/vboxuser/ws_again/build/theGuy' returned '0': CMAKE_PREFIX_PATH=/opt/ros/iron /usr/bin/cmake --build /home/vboxuser/ws_again/build/theGuy -- -j1 -l1
[2.357s] Invoking command in '/home/vboxuser/ws_again/build/theGuy': CMAKE_PREFIX_PATH=/opt/ros/iron /usr/bin/cmake --install /home/vboxuser/ws_again/build/theGuy
[2.433s] -- Install configuration: ""
[2.437s] -- Execute custom install script
[2.440s] [31mCMake Error at ament_cmake_symlink_install/ament_cmake_symlink_install.cmake:100 (message):
[2.440s]   ament_cmake_symlink_install_directory() can't find
[2.441s]   '/home/vboxuser/ws_again/src/theGuy/launch'
[2.442s] Call Stack (most recent call first):
[2.443s]   ament_cmake_symlink_install/ament_cmake_symlink_install.cmake:314 (ament_cmake_symlink_install_directory)
[2.443s]   cmake_install.cmake:46 (include)
[2.445s] 
[2.446s] [0m
[2.461s] Invoked command in '/home/vboxuser/ws_again/build/theGuy' returned '1': CMAKE_PREFIX_PATH=/opt/ros/iron /usr/bin/cmake --install /home/vboxuser/ws_again/build/theGuy
