-- The C compiler identification is GNU 11.4.0
-- The CXX compiler identification is GNU 11.4.0
-- Detecting C compiler ABI info
-- Detecting C compiler ABI info - done
-- Check for working C compiler: /usr/bin/cc - skipped
-- Detecting C compile features
-- Detecting C compile features - done
-- Detecting CXX compiler ABI info
-- Detecting CXX compiler ABI info - done
-- Check for working CXX compiler: /usr/bin/c++ - skipped
-- Detecting CXX compile features
-- Detecting CXX compile features - done
-- Found ament_cmake: 2.0.5 (/opt/ros/iron/share/ament_cmake/cmake)
-- Found Python3: /usr/bin/python3.10 (found version "3.10.12") found components: Interpreter 
-- Override CMake install command with custom implementation using symlinks instead of copying resources
-- Found ament_lint_auto: 0.14.3 (/opt/ros/iron/share/ament_lint_auto/cmake)
WARNING: Package name "theGuy" does not follow the naming conventions. It should start with a lower case letter and only contain lower case letters, digits, underscores, and dashes.
-- Added test 'lint_cmake' to check CMake code style
-- Added test 'xmllint' to check XML markup files
-- Configuring done
-- Generating done
-- Build files have been written to: /home/vboxuser/ws_again/build/theGuy
-- Install configuration: ""
-- Execute custom install script
-- Symlinking: /home/vboxuser/ws_again/install/theGuy/share/ament_index/resource_index/package_run_dependencies/theGuy
-- Symlinking: /home/vboxuser/ws_again/install/theGuy/share/ament_index/resource_index/parent_prefix_path/theGuy
-- Symlinking: /home/vboxuser/ws_again/install/theGuy/share/theGuy/environment/ament_prefix_path.sh
-- Symlinking: /home/vboxuser/ws_again/install/theGuy/share/theGuy/environment/ament_prefix_path.dsv
-- Symlinking: /home/vboxuser/ws_again/install/theGuy/share/theGuy/environment/path.sh
-- Symlinking: /home/vboxuser/ws_again/install/theGuy/share/theGuy/environment/path.dsv
-- Symlinking: /home/vboxuser/ws_again/install/theGuy/share/theGuy/local_setup.bash
-- Symlinking: /home/vboxuser/ws_again/install/theGuy/share/theGuy/local_setup.sh
-- Symlinking: /home/vboxuser/ws_again/install/theGuy/share/theGuy/local_setup.zsh
-- Symlinking: /home/vboxuser/ws_again/install/theGuy/share/theGuy/local_setup.dsv
-- Symlinking: /home/vboxuser/ws_again/install/theGuy/share/theGuy/package.dsv
-- Symlinking: /home/vboxuser/ws_again/install/theGuy/share/ament_index/resource_index/packages/theGuy
-- Symlinking: /home/vboxuser/ws_again/install/theGuy/share/theGuy/cmake/theGuyConfig.cmake
-- Symlinking: /home/vboxuser/ws_again/install/theGuy/share/theGuy/cmake/theGuyConfig-version.cmake
-- Symlinking: /home/vboxuser/ws_again/install/theGuy/share/theGuy/package.xml
