[0.789s] DEBUG:colcon:Command line arguments: ['/usr/bin/colcon', 'build', '--symlink-install']
[0.790s] DEBUG:colcon:Parsed command line arguments: Namespace(log_base=None, log_level=None, verb_name='build', build_base='build', install_base='install', merge_install=False, symlink_install=True, test_result_base=None, continue_on_error=False, executor='parallel', parallel_workers=1, event_handlers=None, ignore_user_meta=False, metas=['./colcon.meta'], base_paths=['.'], packages_ignore=None, packages_ignore_regex=None, paths=None, packages_up_to=None, packages_up_to_regex=None, packages_above=None, packages_above_and_dependencies=None, packages_above_depth=None, packages_select_by_dep=None, packages_skip_by_dep=None, packages_skip_up_to=None, packages_select_build_failed=False, packages_skip_build_finished=False, packages_select_test_failures=False, packages_skip_test_passed=False, packages_select=None, packages_skip=None, packages_select_regex=None, packages_skip_regex=None, packages_start=None, packages_end=None, allow_overriding=[], cmake_args=None, cmake_target=None, cmake_target_skip_unavailable=False, cmake_clean_cache=False, cmake_clean_first=False, cmake_force_configure=False, ament_cmake_args=None, catkin_cmake_args=None, catkin_skip_building_tests=False, mixin_files=None, mixin=None, verb_parser=<colcon_mixin.mixin.mixin_argument.MixinArgumentDecorator object at 0x7924f2e3b700>, verb_extension=<colcon_core.verb.build.BuildVerb object at 0x7924f2e3b0a0>, main=<bound method BuildVerb.main of <colcon_core.verb.build.BuildVerb object at 0x7924f2e3b0a0>>, mixin_verb=('build',))
[2.222s] Level 1:colcon.colcon_core.package_discovery:discover_packages(colcon_meta) check parameters
[2.228s] Level 1:colcon.colcon_core.package_discovery:discover_packages(recursive) check parameters
[2.228s] Level 1:colcon.colcon_core.package_discovery:discover_packages(ignore) check parameters
[2.228s] Level 1:colcon.colcon_core.package_discovery:discover_packages(path) check parameters
[2.228s] Level 1:colcon.colcon_core.package_discovery:discover_packages(colcon_meta) discover
[2.228s] Level 1:colcon.colcon_core.package_discovery:discover_packages(recursive) discover
[2.228s] INFO:colcon.colcon_core.package_discovery:Crawling recursively for packages in '/home/vboxuser/ws_again'
[2.229s] Level 1:colcon.colcon_core.package_identification:_identify(.) by extensions ['ignore', 'ignore_ament_install']
[2.229s] Level 1:colcon.colcon_core.package_identification:_identify(.) by extension 'ignore'
[2.230s] Level 1:colcon.colcon_core.package_identification:_identify(.) by extension 'ignore_ament_install'
[2.230s] Level 1:colcon.colcon_core.package_identification:_identify(.) by extensions ['colcon_pkg']
[2.230s] Level 1:colcon.colcon_core.package_identification:_identify(.) by extension 'colcon_pkg'
[2.230s] Level 1:colcon.colcon_core.package_identification:_identify(.) by extensions ['colcon_meta']
[2.230s] Level 1:colcon.colcon_core.package_identification:_identify(.) by extension 'colcon_meta'
[2.230s] Level 1:colcon.colcon_core.package_identification:_identify(.) by extensions ['ros']
[2.234s] Level 1:colcon.colcon_core.package_identification:_identify(.) by extension 'ros'
[2.309s] Level 1:colcon.colcon_core.package_identification:_identify(.) by extensions ['cmake', 'python']
[2.309s] Level 1:colcon.colcon_core.package_identification:_identify(.) by extension 'cmake'
[2.309s] Level 1:colcon.colcon_core.package_identification:_identify(.) by extension 'python'
[2.309s] Level 1:colcon.colcon_core.package_identification:_identify(.) by extensions ['python_setup_py']
[2.309s] Level 1:colcon.colcon_core.package_identification:_identify(.) by extension 'python_setup_py'
[2.310s] Level 1:colcon.colcon_core.package_identification:_identify(build) by extensions ['ignore', 'ignore_ament_install']
[2.311s] Level 1:colcon.colcon_core.package_identification:_identify(build) by extension 'ignore'
[2.312s] Level 1:colcon.colcon_core.package_identification:_identify(build) ignored
[2.312s] Level 1:colcon.colcon_core.package_identification:_identify(install) by extensions ['ignore', 'ignore_ament_install']
[2.312s] Level 1:colcon.colcon_core.package_identification:_identify(install) by extension 'ignore'
[2.313s] Level 1:colcon.colcon_core.package_identification:_identify(install) ignored
[2.313s] Level 1:colcon.colcon_core.package_identification:_identify(log) by extensions ['ignore', 'ignore_ament_install']
[2.313s] Level 1:colcon.colcon_core.package_identification:_identify(log) by extension 'ignore'
[2.313s] Level 1:colcon.colcon_core.package_identification:_identify(log) ignored
[2.315s] Level 1:colcon.colcon_core.package_identification:_identify(src) by extensions ['ignore', 'ignore_ament_install']
[2.315s] Level 1:colcon.colcon_core.package_identification:_identify(src) by extension 'ignore'
[2.315s] Level 1:colcon.colcon_core.package_identification:_identify(src) by extension 'ignore_ament_install'
[2.315s] Level 1:colcon.colcon_core.package_identification:_identify(src) by extensions ['colcon_pkg']
[2.315s] Level 1:colcon.colcon_core.package_identification:_identify(src) by extension 'colcon_pkg'
[2.316s] Level 1:colcon.colcon_core.package_identification:_identify(src) by extensions ['colcon_meta']
[2.316s] Level 1:colcon.colcon_core.package_identification:_identify(src) by extension 'colcon_meta'
[2.316s] Level 1:colcon.colcon_core.package_identification:_identify(src) by extensions ['ros']
[2.316s] Level 1:colcon.colcon_core.package_identification:_identify(src) by extension 'ros'
[2.316s] Level 1:colcon.colcon_core.package_identification:_identify(src) by extensions ['cmake', 'python']
[2.316s] Level 1:colcon.colcon_core.package_identification:_identify(src) by extension 'cmake'
[2.316s] Level 1:colcon.colcon_core.package_identification:_identify(src) by extension 'python'
[2.318s] Level 1:colcon.colcon_core.package_identification:_identify(src) by extensions ['python_setup_py']
[2.318s] Level 1:colcon.colcon_core.package_identification:_identify(src) by extension 'python_setup_py'
[2.318s] Level 1:colcon.colcon_core.package_identification:_identify(src/theGuy) by extensions ['ignore', 'ignore_ament_install']
[2.319s] Level 1:colcon.colcon_core.package_identification:_identify(src/theGuy) by extension 'ignore'
[2.323s] Level 1:colcon.colcon_core.package_identification:_identify(src/theGuy) by extension 'ignore_ament_install'
[2.323s] Level 1:colcon.colcon_core.package_identification:_identify(src/theGuy) by extensions ['colcon_pkg']
[2.323s] Level 1:colcon.colcon_core.package_identification:_identify(src/theGuy) by extension 'colcon_pkg'
[2.324s] Level 1:colcon.colcon_core.package_identification:_identify(src/theGuy) by extensions ['colcon_meta']
[2.324s] Level 1:colcon.colcon_core.package_identification:_identify(src/theGuy) by extension 'colcon_meta'
[2.324s] Level 1:colcon.colcon_core.package_identification:_identify(src/theGuy) by extensions ['ros']
[2.324s] Level 1:colcon.colcon_core.package_identification:_identify(src/theGuy) by extension 'ros'
[2.393s] DEBUG:colcon.colcon_core.package_identification:Package 'src/theGuy' with type 'ros.ament_cmake' and name 'theGuy'
[2.393s] Level 1:colcon.colcon_core.package_discovery:discover_packages(recursive) using defaults
[2.393s] Level 1:colcon.colcon_core.package_discovery:discover_packages(ignore) discover
[2.393s] Level 1:colcon.colcon_core.package_discovery:discover_packages(ignore) using defaults
[2.393s] Level 1:colcon.colcon_core.package_discovery:discover_packages(path) discover
[2.393s] Level 1:colcon.colcon_core.package_discovery:discover_packages(path) using defaults
[2.556s] Level 1:colcon.colcon_core.package_discovery:discover_packages(prefix_path) check parameters
[2.556s] Level 1:colcon.colcon_core.package_discovery:discover_packages(prefix_path) discover
[2.574s] DEBUG:colcon.colcon_installed_package_information.package_discovery:Found 402 installed packages in /opt/ros/iron
[2.596s] Level 1:colcon.colcon_core.package_discovery:discover_packages(prefix_path) using defaults
[3.039s] Level 5:colcon.colcon_core.verb:set package 'theGuy' build argument 'cmake_args' from command line to 'None'
[3.039s] Level 5:colcon.colcon_core.verb:set package 'theGuy' build argument 'cmake_target' from command line to 'None'
[3.040s] Level 5:colcon.colcon_core.verb:set package 'theGuy' build argument 'cmake_target_skip_unavailable' from command line to 'False'
[3.040s] Level 5:colcon.colcon_core.verb:set package 'theGuy' build argument 'cmake_clean_cache' from command line to 'False'
[3.040s] Level 5:colcon.colcon_core.verb:set package 'theGuy' build argument 'cmake_clean_first' from command line to 'False'
[3.040s] Level 5:colcon.colcon_core.verb:set package 'theGuy' build argument 'cmake_force_configure' from command line to 'False'
[3.040s] Level 5:colcon.colcon_core.verb:set package 'theGuy' build argument 'ament_cmake_args' from command line to 'None'
[3.040s] Level 5:colcon.colcon_core.verb:set package 'theGuy' build argument 'catkin_cmake_args' from command line to 'None'
[3.040s] Level 5:colcon.colcon_core.verb:set package 'theGuy' build argument 'catkin_skip_building_tests' from command line to 'False'
[3.040s] DEBUG:colcon.colcon_core.verb:Building package 'theGuy' with the following arguments: {'ament_cmake_args': None, 'build_base': '/home/vboxuser/ws_again/build/theGuy', 'catkin_cmake_args': None, 'catkin_skip_building_tests': False, 'cmake_args': None, 'cmake_clean_cache': False, 'cmake_clean_first': False, 'cmake_force_configure': False, 'cmake_target': None, 'cmake_target_skip_unavailable': False, 'install_base': '/home/vboxuser/ws_again/install/theGuy', 'merge_install': False, 'path': '/home/vboxuser/ws_again/src/theGuy', 'symlink_install': True, 'test_result_base': None}
[3.041s] INFO:colcon.colcon_core.executor:Executing jobs using 'parallel' executor
[3.047s] DEBUG:colcon.colcon_parallel_executor.executor.parallel:run_until_complete
[3.047s] INFO:colcon.colcon_ros.task.ament_cmake.build:Building ROS package in '/home/vboxuser/ws_again/src/theGuy' with build type 'ament_cmake'
[3.048s] INFO:colcon.colcon_cmake.task.cmake.build:Building CMake package in '/home/vboxuser/ws_again/src/theGuy'
[3.062s] INFO:colcon.colcon_core.plugin_system:Skipping extension 'colcon_core.shell.bat': Not used on non-Windows systems
[3.062s] INFO:colcon.colcon_core.shell:Skip shell extension 'powershell' for command environment: Not usable outside of PowerShell
[3.070s] DEBUG:colcon.colcon_core.shell:Skip shell extension 'dsv' for command environment
[3.132s] DEBUG:colcon.colcon_core.event_handler.log_command:Invoking command in '/home/vboxuser/ws_again/build/theGuy': CMAKE_PREFIX_PATH=/opt/ros/iron /usr/bin/cmake --build /home/vboxuser/ws_again/build/theGuy -- -j1 -l1
[3.461s] DEBUG:colcon.colcon_core.event_handler.log_command:Invoked command in '/home/vboxuser/ws_again/build/theGuy' returned '0': CMAKE_PREFIX_PATH=/opt/ros/iron /usr/bin/cmake --build /home/vboxuser/ws_again/build/theGuy -- -j1 -l1
[3.676s] DEBUG:colcon.colcon_core.event_handler.log_command:Invoking command in '/home/vboxuser/ws_again/build/theGuy': CMAKE_PREFIX_PATH=/opt/ros/iron /usr/bin/cmake --install /home/vboxuser/ws_again/build/theGuy
[3.781s] DEBUG:colcon.colcon_core.event_handler.log_command:Invoked command in '/home/vboxuser/ws_again/build/theGuy' returned '1': CMAKE_PREFIX_PATH=/opt/ros/iron /usr/bin/cmake --install /home/vboxuser/ws_again/build/theGuy
[3.941s] Level 1:colcon.colcon_core.environment:create_environment_scripts_only(theGuy)
[3.952s] Level 1:colcon.colcon_core.environment:checking '/home/vboxuser/ws_again/install/theGuy' for CMake module files
[3.955s] Level 1:colcon.colcon_core.environment:checking '/home/vboxuser/ws_again/install/theGuy' for CMake config files
[3.956s] Level 1:colcon.colcon_core.shell:create_environment_hook('theGuy', 'cmake_prefix_path')
[3.961s] INFO:colcon.colcon_core.shell:Creating environment hook '/home/vboxuser/ws_again/install/theGuy/share/theGuy/hook/cmake_prefix_path.ps1'
[3.966s] INFO:colcon.colcon_core.shell:Creating environment descriptor '/home/vboxuser/ws_again/install/theGuy/share/theGuy/hook/cmake_prefix_path.dsv'
[3.969s] INFO:colcon.colcon_core.shell:Creating environment hook '/home/vboxuser/ws_again/install/theGuy/share/theGuy/hook/cmake_prefix_path.sh'
[3.974s] Level 1:colcon.colcon_core.environment:checking '/home/vboxuser/ws_again/install/theGuy/bin'
[3.974s] Level 1:colcon.colcon_core.environment:checking '/home/vboxuser/ws_again/install/theGuy/lib/pkgconfig/theGuy.pc'
[3.975s] Level 1:colcon.colcon_core.environment:checking '/home/vboxuser/ws_again/install/theGuy/lib/python3.10/site-packages'
[3.979s] Level 1:colcon.colcon_core.environment:checking '/home/vboxuser/ws_again/install/theGuy/bin'
[3.980s] INFO:colcon.colcon_core.shell:Creating package script '/home/vboxuser/ws_again/install/theGuy/share/theGuy/package.ps1'
[3.986s] INFO:colcon.colcon_core.shell:Creating package descriptor '/home/vboxuser/ws_again/install/theGuy/share/theGuy/package.dsv'
[3.994s] INFO:colcon.colcon_core.shell:Creating package script '/home/vboxuser/ws_again/install/theGuy/share/theGuy/package.sh'
[3.999s] INFO:colcon.colcon_core.shell:Creating package script '/home/vboxuser/ws_again/install/theGuy/share/theGuy/package.bash'
[4.011s] INFO:colcon.colcon_core.shell:Creating package script '/home/vboxuser/ws_again/install/theGuy/share/theGuy/package.zsh'
[4.018s] Level 1:colcon.colcon_core.environment:create_file_with_runtime_dependencies(/home/vboxuser/ws_again/install/theGuy/share/colcon-core/packages/theGuy)
[4.025s] DEBUG:colcon.colcon_parallel_executor.executor.parallel:closing loop
[4.028s] DEBUG:colcon.colcon_parallel_executor.executor.parallel:loop closed
[4.028s] DEBUG:colcon.colcon_parallel_executor.executor.parallel:run_until_complete finished with '1'
[4.028s] DEBUG:colcon.colcon_core.event_reactor:joining thread
[4.075s] INFO:colcon.colcon_core.plugin_system:Skipping extension 'colcon_notification.desktop_notification.terminal_notifier': Not used on non-Darwin systems
[4.075s] INFO:colcon.colcon_core.plugin_system:Skipping extension 'colcon_notification.desktop_notification.win32': Not used on non-Windows systems
[4.075s] INFO:colcon.colcon_notification.desktop_notification:Sending desktop notification using 'notify2'
[4.135s] DEBUG:colcon.colcon_core.event_reactor:joined thread
[4.136s] INFO:colcon.colcon_core.shell:Creating prefix script '/home/vboxuser/ws_again/install/local_setup.ps1'
[4.141s] INFO:colcon.colcon_core.shell:Creating prefix util module '/home/vboxuser/ws_again/install/_local_setup_util_ps1.py'
[4.159s] INFO:colcon.colcon_core.shell:Creating prefix chain script '/home/vboxuser/ws_again/install/setup.ps1'
[4.170s] INFO:colcon.colcon_core.shell:Creating prefix script '/home/vboxuser/ws_again/install/local_setup.sh'
[4.172s] INFO:colcon.colcon_core.shell:Creating prefix util module '/home/vboxuser/ws_again/install/_local_setup_util_sh.py'
[4.181s] INFO:colcon.colcon_core.shell:Creating prefix chain script '/home/vboxuser/ws_again/install/setup.sh'
[4.190s] INFO:colcon.colcon_core.shell:Creating prefix script '/home/vboxuser/ws_again/install/local_setup.bash'
[4.197s] INFO:colcon.colcon_core.shell:Creating prefix chain script '/home/vboxuser/ws_again/install/setup.bash'
[4.204s] INFO:colcon.colcon_core.shell:Creating prefix script '/home/vboxuser/ws_again/install/local_setup.zsh'
[4.210s] INFO:colcon.colcon_core.shell:Creating prefix chain script '/home/vboxuser/ws_again/install/setup.zsh'
