[0.080s] Invoking command in '/home/vboxuser/ws_again/build/theGuy': CMAKE_PREFIX_PATH=/opt/ros/iron /usr/bin/cmake --build /home/vboxuser/ws_again/build/theGuy -- -j1 -l1
[0.424s] Invoked command in '/home/vboxuser/ws_again/build/theGuy' returned '0': CMAKE_PREFIX_PATH=/opt/ros/iron /usr/bin/cmake --build /home/vboxuser/ws_again/build/theGuy -- -j1 -l1
[0.638s] Invoking command in '/home/vboxuser/ws_again/build/theGuy': CMAKE_PREFIX_PATH=/opt/ros/iron /usr/bin/cmake --install /home/vboxuser/ws_again/build/theGuy
[0.689s] -- Install configuration: ""
[0.694s] -- Execute custom install script
[0.697s] -- Up-to-date symlink: /home/vboxuser/ws_again/install/theGuy/share/theGuy/launch/listener.launch.py
[0.698s] -- Up-to-date symlink: /home/vboxuser/ws_again/install/theGuy/share/theGuy/launch/talker.launch.py
[0.701s] -- Up-to-date symlink: /home/vboxuser/ws_again/install/theGuy/share/ament_index/resource_index/package_run_dependencies/theGuy
[0.702s] -- Up-to-date symlink: /home/vboxuser/ws_again/install/theGuy/share/ament_index/resource_index/parent_prefix_path/theGuy
[0.703s] -- Up-to-date symlink: /home/vboxuser/ws_again/install/theGuy/share/theGuy/environment/ament_prefix_path.sh
[0.705s] -- Up-to-date symlink: /home/vboxuser/ws_again/install/theGuy/share/theGuy/environment/ament_prefix_path.dsv
[0.706s] -- Up-to-date symlink: /home/vboxuser/ws_again/install/theGuy/share/theGuy/environment/path.sh
[0.708s] -- Up-to-date symlink: /home/vboxuser/ws_again/install/theGuy/share/theGuy/environment/path.dsv
[0.711s] -- Up-to-date symlink: /home/vboxuser/ws_again/install/theGuy/share/theGuy/local_setup.bash
[0.718s] -- Up-to-date symlink: /home/vboxuser/ws_again/install/theGuy/share/theGuy/local_setup.sh
[0.719s] -- Up-to-date symlink: /home/vboxuser/ws_again/install/theGuy/share/theGuy/local_setup.zsh
[0.722s] -- Up-to-date symlink: /home/vboxuser/ws_again/install/theGuy/share/theGuy/local_setup.dsv
[0.724s] -- Symlinking: /home/vboxuser/ws_again/install/theGuy/share/theGuy/package.dsv
[0.786s] -- Up-to-date symlink: /home/vboxuser/ws_again/install/theGuy/share/ament_index/resource_index/packages/theGuy
[0.788s] -- Up-to-date symlink: /home/vboxuser/ws_again/install/theGuy/share/theGuy/cmake/theGuyConfig.cmake
[0.791s] -- Up-to-date symlink: /home/vboxuser/ws_again/install/theGuy/share/theGuy/cmake/theGuyConfig-version.cmake
[0.793s] -- Up-to-date symlink: /home/vboxuser/ws_again/install/theGuy/share/theGuy/package.xml
[0.802s] Invoked command in '/home/vboxuser/ws_again/build/theGuy' returned '0': CMAKE_PREFIX_PATH=/opt/ros/iron /usr/bin/cmake --install /home/vboxuser/ws_again/build/theGuy
